This is pdfTeX, Version 3.14159265-2.6-1.40.18 (TeX Live 2017) (preloaded format=pdflatex 2017.5.23)  8 NOV 2017 16:43
entering extended mode
 restricted \write18 enabled.
 file:line:error style messages enabled.
 %&-line parsing enabled.
**thesis.tex
(./thesis.tex
LaTeX2e <2017-04-15>
Babel <3.10> and hyphenation patterns for 84 language(s) loaded.
(/usr/local/texlive/2017/texmf-dist/tex/latex/base/report.cls
Document Class: report 2014/09/29 v1.4h Standard LaTeX document class
(/usr/local/texlive/2017/texmf-dist/tex/latex/base/size12.clo
File: size12.clo 2014/09/29 v1.4h Standard LaTeX file (size option)
)
\c@part=\count79
\c@chapter=\count80
\c@section=\count81
\c@subsection=\count82
\c@subsubsection=\count83
\c@paragraph=\count84
\c@subparagraph=\count85
\c@figure=\count86
\c@table=\count87
\abovecaptionskip=\skip41
\belowcaptionskip=\skip42
\bibindent=\dimen102
)
(/usr/local/texlive/2017/texmf-dist/tex/latex/graphics/graphicx.sty
Package: graphicx 2014/10/28 v1.0g Enhanced LaTeX Graphics (DPC,SPQR)

(/usr/local/texlive/2017/texmf-dist/tex/latex/graphics/keyval.sty
Package: keyval 2014/10/28 v1.15 key=value parser (DPC)
\KV@toks@=\toks14
)
(/usr/local/texlive/2017/texmf-dist/tex/latex/graphics/graphics.sty
Package: graphics 2017/04/14 v1.1b Standard LaTeX Graphics (DPC,SPQR)

(/usr/local/texlive/2017/texmf-dist/tex/latex/graphics/trig.sty
Package: trig 2016/01/03 v1.10 sin cos tan (DPC)
)
(/usr/local/texlive/2017/texmf-dist/tex/latex/graphics-cfg/graphics.cfg
File: graphics.cfg 2016/06/04 v1.11 sample graphics configuration
)
Package graphics Info: Driver file: pdftex.def on input line 99.

(/usr/local/texlive/2017/texmf-dist/tex/latex/graphics-def/pdftex.def
File: pdftex.def 2017/01/12 v0.06k Graphics/color for pdfTeX

(/usr/local/texlive/2017/texmf-dist/tex/generic/oberdiek/infwarerr.sty
Package: infwarerr 2016/05/16 v1.4 Providing info/warning/error messages (HO)
)
(/usr/local/texlive/2017/texmf-dist/tex/generic/oberdiek/ltxcmds.sty
Package: ltxcmds 2016/05/16 v1.23 LaTeX kernel commands for general use (HO)
)
\Gread@gobject=\count88
))
\Gin@req@height=\dimen103
\Gin@req@width=\dimen104
)
(/usr/local/texlive/2017/texmf-dist/tex/latex/geometry/geometry.sty
Package: geometry 2010/09/12 v5.6 Page Geometry

(/usr/local/texlive/2017/texmf-dist/tex/generic/oberdiek/ifpdf.sty
Package: ifpdf 2017/03/15 v3.2 Provides the ifpdf switch
)
(/usr/local/texlive/2017/texmf-dist/tex/generic/oberdiek/ifvtex.sty
Package: ifvtex 2016/05/16 v1.6 Detect VTeX and its facilities (HO)
Package ifvtex Info: VTeX not detected.
)
(/usr/local/texlive/2017/texmf-dist/tex/generic/ifxetex/ifxetex.sty
Package: ifxetex 2010/09/12 v0.6 Provides ifxetex conditional
)
\Gm@cnth=\count89
\Gm@cntv=\count90
\c@Gm@tempcnt=\count91
\Gm@bindingoffset=\dimen105
\Gm@wd@mp=\dimen106
\Gm@odd@mp=\dimen107
\Gm@even@mp=\dimen108
\Gm@layoutwidth=\dimen109
\Gm@layoutheight=\dimen110
\Gm@layouthoffset=\dimen111
\Gm@layoutvoffset=\dimen112
\Gm@dimlist=\toks15
)
(/usr/local/texlive/2017/texmf-dist/tex/latex/setspace/setspace.sty
Package: setspace 2011/12/19 v6.7a set line spacing
)
(/usr/local/texlive/2017/texmf-dist/tex/latex/psnfss/times.sty
Package: times 2005/04/12 PSNFSS-v9.2a (SPQR) 
)
(/usr/local/texlive/2017/texmf-dist/tex/latex/titlesec/titlesec.sty
Package: titlesec 2016/03/21 v2.10.2 Sectioning titles
\ttl@box=\box26
\beforetitleunit=\skip43
\aftertitleunit=\skip44
\ttl@plus=\dimen113
\ttl@minus=\dimen114
\ttl@toksa=\toks16
\titlewidth=\dimen115
\titlewidthlast=\dimen116
\titlewidthfirst=\dimen117
)
(/usr/local/texlive/2017/texmf-dist/tex/latex/tocloft/tocloft.sty
Package: tocloft 2013/05/02 v2.3f parameterised ToC, etc., typesetting
Package tocloft Info: The document has chapter divisions on input line 44.
\cftparskip=\skip45
\cftbeforetoctitleskip=\skip46
\cftaftertoctitleskip=\skip47
\cftbeforepartskip=\skip48
\cftpartnumwidth=\skip49
\cftpartindent=\skip50
\cftbeforechapskip=\skip51
\cftchapindent=\skip52
\cftchapnumwidth=\skip53
\cftbeforesecskip=\skip54
\cftsecindent=\skip55
\cftsecnumwidth=\skip56
\cftbeforesubsecskip=\skip57
\cftsubsecindent=\skip58
\cftsubsecnumwidth=\skip59
\cftbeforesubsubsecskip=\skip60
\cftsubsubsecindent=\skip61
\cftsubsubsecnumwidth=\skip62
\cftbeforeparaskip=\skip63
\cftparaindent=\skip64
\cftparanumwidth=\skip65
\cftbeforesubparaskip=\skip66
\cftsubparaindent=\skip67
\cftsubparanumwidth=\skip68
\cftbeforeloftitleskip=\skip69
\cftafterloftitleskip=\skip70
\cftbeforefigskip=\skip71
\cftfigindent=\skip72
\cftfignumwidth=\skip73
\c@lofdepth=\count92
\c@lotdepth=\count93
\cftbeforelottitleskip=\skip74
\cftafterlottitleskip=\skip75
\cftbeforetabskip=\skip76
\cfttabindent=\skip77
\cfttabnumwidth=\skip78
)
(/usr/local/texlive/2017/texmf-dist/tex/latex/biblatex/biblatex.sty
Package: biblatex 2016/12/05 v3.7 programmable bibliographies (PK/JW/AB)

(/usr/local/texlive/2017/texmf-dist/tex/generic/oberdiek/pdftexcmds.sty
Package: pdftexcmds 2017/03/19 v0.25 Utility functions of pdfTeX for LuaTeX (HO
)

(/usr/local/texlive/2017/texmf-dist/tex/generic/oberdiek/ifluatex.sty
Package: ifluatex 2016/05/16 v1.4 Provides the ifluatex switch (HO)
Package ifluatex Info: LuaTeX not detected.
)
Package pdftexcmds Info: LuaTeX not detected.
Package pdftexcmds Info: \pdf@primitive is available.
Package pdftexcmds Info: \pdf@ifprimitive is available.
Package pdftexcmds Info: \pdfdraftmode found.
)
(/usr/local/texlive/2017/texmf-dist/tex/latex/etoolbox/etoolbox.sty
Package: etoolbox 2017/01/02 v2.4 e-TeX tools for LaTeX (JAW)
\etb@tempcnta=\count94
)
(/usr/local/texlive/2017/texmf-dist/tex/latex/oberdiek/kvoptions.sty
Package: kvoptions 2016/05/16 v3.12 Key value format for package options (HO)

(/usr/local/texlive/2017/texmf-dist/tex/generic/oberdiek/kvsetkeys.sty
Package: kvsetkeys 2016/05/16 v1.17 Key value parser (HO)

(/usr/local/texlive/2017/texmf-dist/tex/generic/oberdiek/etexcmds.sty
Package: etexcmds 2016/05/16 v1.6 Avoid name clashes with e-TeX commands (HO)
Package etexcmds Info: Could not find \expanded.
(etexcmds)             That can mean that you are not using pdfTeX 1.50 or
(etexcmds)             that some package has redefined \expanded.
(etexcmds)             In the latter case, load this package earlier.
)))
(/usr/local/texlive/2017/texmf-dist/tex/latex/logreq/logreq.sty
Package: logreq 2010/08/04 v1.0 xml request logger
\lrq@indent=\count95

(/usr/local/texlive/2017/texmf-dist/tex/latex/logreq/logreq.def
File: logreq.def 2010/08/04 v1.0 logreq spec v1.0
))
(/usr/local/texlive/2017/texmf-dist/tex/latex/base/ifthen.sty
Package: ifthen 2014/09/29 v1.1c Standard LaTeX ifthen package (DPC)
)
(/usr/local/texlive/2017/texmf-dist/tex/latex/url/url.sty
\Urlmuskip=\muskip10
Package: url 2013/09/16  ver 3.4  Verb mode for urls, etc.
)
(/usr/local/texlive/2017/texmf-dist/tex/generic/xstring/xstring.sty
(/usr/local/texlive/2017/texmf-dist/tex/generic/xstring/xstring.tex
\@xs@message=\write3
\integerpart=\count96
\decimalpart=\count97
)
Package: xstring 2013/10/13  v1.7c  String manipulations (C Tellechea)
)
\c@tabx@nest=\count98
\c@listtotal=\count99
\c@listcount=\count100
\c@liststart=\count101
\c@liststop=\count102
\c@citecount=\count103
\c@citetotal=\count104
\c@multicitecount=\count105
\c@multicitetotal=\count106
\c@instcount=\count107
\c@maxnames=\count108
\c@minnames=\count109
\c@maxitems=\count110
\c@minitems=\count111
\c@citecounter=\count112
\c@savedcitecounter=\count113
\c@uniquelist=\count114
\c@uniquename=\count115
\c@refsection=\count116
\c@refsegment=\count117
\c@maxextratitle=\count118
\c@maxextratitleyear=\count119
\c@maxextrayear=\count120
\c@maxextraalpha=\count121
\c@abbrvpenalty=\count122
\c@highnamepenalty=\count123
\c@lownamepenalty=\count124
\c@maxparens=\count125
\c@parenlevel=\count126
\blx@tempcnta=\count127
\blx@tempcntb=\count128
\blx@tempcntc=\count129
\blx@maxsection=\count130
\blx@maxsegment@0=\count131
\blx@notetype=\count132
\blx@parenlevel@text=\count133
\blx@parenlevel@foot=\count134
\blx@sectionciteorder@0=\count135
\labelnumberwidth=\skip79
\labelalphawidth=\skip80
\biblabelsep=\skip81
\bibitemsep=\skip82
\bibnamesep=\skip83
\bibinitsep=\skip84
\bibparsep=\skip85
\bibhang=\skip86
\blx@bcfin=\read1
\blx@bcfout=\write4
\c@mincomprange=\count136
\c@maxcomprange=\count137
\c@mincompwidth=\count138
Package biblatex Info: Trying to load biblatex default data model...
Package biblatex Info: ... file 'blx-dm.def' found.

(/usr/local/texlive/2017/texmf-dist/tex/latex/biblatex/blx-dm.def)
Package biblatex Info: Trying to load biblatex bibstyle data model...
Package biblatex Info: ... file 'ieee.dbx' not found.
Package biblatex Info: Trying to load biblatex custom data model...
Package biblatex Info: ... file 'biblatex-dm.cfg' not found.
\c@afterword=\count139
\c@savedafterword=\count140
\c@annotator=\count141
\c@savedannotator=\count142
\c@author=\count143
\c@savedauthor=\count144
\c@bookauthor=\count145
\c@savedbookauthor=\count146
\c@commentator=\count147
\c@savedcommentator=\count148
\c@editor=\count149
\c@savededitor=\count150
\c@editora=\count151
\c@savededitora=\count152
\c@editorb=\count153
\c@savededitorb=\count154
\c@editorc=\count155
\c@savededitorc=\count156
\c@foreword=\count157
\c@savedforeword=\count158
\c@holder=\count159
\c@savedholder=\count160
\c@introduction=\count161
\c@savedintroduction=\count162
\c@namea=\count163
\c@savednamea=\count164
\c@nameb=\count165
\c@savednameb=\count166
\c@namec=\count167
\c@savednamec=\count168
\c@translator=\count169
\c@savedtranslator=\count170
\c@shortauthor=\count171
\c@savedshortauthor=\count172
\c@shorteditor=\count173
\c@savedshorteditor=\count174
\c@labelname=\count175
\c@savedlabelname=\count176
\c@institution=\count177
\c@savedinstitution=\count178
\c@lista=\count179
\c@savedlista=\count180
\c@listb=\count181
\c@savedlistb=\count182
\c@listc=\count183
\c@savedlistc=\count184
\c@listd=\count185
\c@savedlistd=\count186
\c@liste=\count187
\c@savedliste=\count188
\c@listf=\count189
\c@savedlistf=\count190
\c@location=\count191
\c@savedlocation=\count192
\c@organization=\count193
\c@savedorganization=\count194
\c@origlocation=\count195
\c@savedoriglocation=\count196
\c@origpublisher=\count197
\c@savedorigpublisher=\count198
\c@publisher=\count199
\c@savedpublisher=\count266
\c@language=\count267
\c@savedlanguage=\count268
\c@pageref=\count269
\c@savedpageref=\count270
\shorthandwidth=\skip87
\shortjournalwidth=\skip88
\shortserieswidth=\skip89
\shorttitlewidth=\skip90
\shortauthorwidth=\skip91
\shorteditorwidth=\skip92
Package biblatex Info: Trying to load compatibility code...
Package biblatex Info: ... file 'blx-compat.def' found.

(/usr/local/texlive/2017/texmf-dist/tex/latex/biblatex/blx-compat.def
File: blx-compat.def 2016/12/05 v3.7 biblatex compatibility (PK/JW/AB)
)
Package biblatex Info: Trying to load BibTeX backend compatibility...
Package biblatex Info: ... file 'blx-bibtex.def' found.

(/usr/local/texlive/2017/texmf-dist/tex/latex/biblatex/blx-bibtex.def
File: blx-bibtex.def 2016/12/05 v3.7 biblatex compatibility (PK/JW/AB)


Package biblatex Warning: Using fall-back BibTeX(8) backend:
(biblatex)                functionality may be reduced/unavailable.

)
Package biblatex Info: Trying to load generic definitions...
Package biblatex Info: ... file 'biblatex.def' found.
 (/usr/local/texlive/2017/texmf-dist/tex/latex/biblatex/biblatex.def
File: biblatex.def 2016/12/05 v3.7 biblatex compatibility (PK/JW/AB)
\c@textcitecount=\count271
\c@textcitetotal=\count272
\c@textcitemaxnames=\count273
\c@biburlnumpenalty=\count274
\c@biburlucpenalty=\count275
\c@biburllcpenalty=\count276
\c@smartand=\count277
)
Package biblatex Info: Trying to load bibliography style 'ieee'...
Package biblatex Info: ... file 'ieee.bbx' found.

(/usr/local/texlive/2017/texmf-dist/tex/latex/biblatex-ieee/ieee.bbx
File: ieee.bbx 2017/03/27 v1.2d biblatex bibliography style
Package biblatex Info: Trying to load bibliography style 'numeric-comp'...
Package biblatex Info: ... file 'numeric-comp.bbx' found.

(/usr/local/texlive/2017/texmf-dist/tex/latex/biblatex/bbx/numeric-comp.bbx
File: numeric-comp.bbx 2016/12/05 v3.7 biblatex bibliography style (PK/JW/AB)
Package biblatex Info: Trying to load bibliography style 'numeric'...
Package biblatex Info: ... file 'numeric.bbx' found.

(/usr/local/texlive/2017/texmf-dist/tex/latex/biblatex/bbx/numeric.bbx
File: numeric.bbx 2016/12/05 v3.7 biblatex bibliography style (PK/JW/AB)
Package biblatex Info: Trying to load bibliography style 'standard'...
Package biblatex Info: ... file 'standard.bbx' found.

(/usr/local/texlive/2017/texmf-dist/tex/latex/biblatex/bbx/standard.bbx
File: standard.bbx 2016/12/05 v3.7 biblatex bibliography style (PK/JW/AB)
\c@bbx:relatedcount=\count278
\c@bbx:relatedtotal=\count279
))))
Package biblatex Info: Trying to load citation style 'numeric'...
Package biblatex Info: ... file 'numeric.cbx' found.

(/usr/local/texlive/2017/texmf-dist/tex/latex/biblatex/cbx/numeric.cbx
File: numeric.cbx 2016/12/05 v3.7 biblatex citation style (PK/JW/AB)
Package biblatex Info: Redefining '\cite'.
Package biblatex Info: Redefining '\parencite'.
Package biblatex Info: Redefining '\footcite'.
Package biblatex Info: Redefining '\footcitetext'.
Package biblatex Info: Redefining '\smartcite'.
Package biblatex Info: Redefining '\supercite'.
Package biblatex Info: Redefining '\textcite'.
Package biblatex Info: Redefining '\textcites'.
Package biblatex Info: Redefining '\cites'.
Package biblatex Info: Redefining '\parencites'.
Package biblatex Info: Redefining '\smartcites'.
)
Package biblatex Info: Trying to load configuration file...
Package biblatex Info: ... file 'biblatex.cfg' found.

(/usr/local/texlive/2017/texmf-dist/tex/latex/biblatex/biblatex.cfg
File: biblatex.cfg 
))
(/usr/local/texlive/2017/texmf-dist/tex/latex/hyperref/hyperref.sty
Package: hyperref 2017/03/14 v6.85a Hypertext links for LaTeX

(/usr/local/texlive/2017/texmf-dist/tex/generic/oberdiek/hobsub-hyperref.sty
Package: hobsub-hyperref 2016/05/16 v1.14 Bundle oberdiek, subset hyperref (HO)


(/usr/local/texlive/2017/texmf-dist/tex/generic/oberdiek/hobsub-generic.sty
Package: hobsub-generic 2016/05/16 v1.14 Bundle oberdiek, subset generic (HO)
Package: hobsub 2016/05/16 v1.14 Construct package bundles (HO)
Package hobsub Info: Skipping package `infwarerr' (already loaded).
Package hobsub Info: Skipping package `ltxcmds' (already loaded).
Package hobsub Info: Skipping package `ifluatex' (already loaded).
Package hobsub Info: Skipping package `ifvtex' (already loaded).
Package: intcalc 2016/05/16 v1.2 Expandable calculations with integers (HO)
Package hobsub Info: Skipping package `ifpdf' (already loaded).
Package hobsub Info: Skipping package `etexcmds' (already loaded).
Package hobsub Info: Skipping package `kvsetkeys' (already loaded).
Package: kvdefinekeys 2016/05/16 v1.4 Define keys (HO)
Package hobsub Info: Skipping package `pdftexcmds' (already loaded).
Package: pdfescape 2016/05/16 v1.14 Implements pdfTeX's escape features (HO)
Package: bigintcalc 2016/05/16 v1.4 Expandable calculations on big integers (HO
)
Package: bitset 2016/05/16 v1.2 Handle bit-vector datatype (HO)
Package: uniquecounter 2016/05/16 v1.3 Provide unlimited unique counter (HO)
)
Package hobsub Info: Skipping package `hobsub' (already loaded).
Package: letltxmacro 2016/05/16 v1.5 Let assignment for LaTeX macros (HO)
Package: hopatch 2016/05/16 v1.3 Wrapper for package hooks (HO)
Package: xcolor-patch 2016/05/16 xcolor patch
Package: atveryend 2016/05/16 v1.9 Hooks at the very end of document (HO)
Package: atbegshi 2016/06/09 v1.18 At begin shipout hook (HO)
Package: refcount 2016/05/16 v3.5 Data extraction from label references (HO)
Package: hycolor 2016/05/16 v1.8 Color options for hyperref/bookmark (HO)
)
(/usr/local/texlive/2017/texmf-dist/tex/latex/oberdiek/auxhook.sty
Package: auxhook 2016/05/16 v1.4 Hooks for auxiliary files (HO)
)
\@linkdim=\dimen118
\Hy@linkcounter=\count280
\Hy@pagecounter=\count281

(/usr/local/texlive/2017/texmf-dist/tex/latex/hyperref/pd1enc.def
File: pd1enc.def 2017/03/14 v6.85a Hyperref: PDFDocEncoding definition (HO)
)
\Hy@SavedSpaceFactor=\count282

(/usr/local/texlive/2017/texmf-dist/tex/latex/latexconfig/hyperref.cfg
File: hyperref.cfg 2002/06/06 v1.2 hyperref configuration of TeXLive
)
Package hyperref Info: Option `bookmarks' set `true' on input line 4374.
Package hyperref Info: Hyper figures OFF on input line 4498.
Package hyperref Info: Link nesting OFF on input line 4503.
Package hyperref Info: Hyper index ON on input line 4506.
Package hyperref Info: Plain pages OFF on input line 4513.
Package hyperref Info: Backreferencing OFF on input line 4518.
Package hyperref Info: Implicit mode ON; LaTeX internals redefined.
Package hyperref Info: Bookmarks ON on input line 4751.
\c@Hy@tempcnt=\count283
LaTeX Info: Redefining \url on input line 5104.
\XeTeXLinkMargin=\dimen119
\Fld@menulength=\count284
\Field@Width=\dimen120
\Fld@charsize=\dimen121
Package hyperref Info: Hyper figures OFF on input line 6358.
Package hyperref Info: Link nesting OFF on input line 6363.
Package hyperref Info: Hyper index ON on input line 6366.
Package hyperref Info: backreferencing OFF on input line 6373.
Package hyperref Info: Link coloring OFF on input line 6378.
Package hyperref Info: Link coloring with OCG OFF on input line 6383.
Package hyperref Info: PDF/A mode OFF on input line 6388.
LaTeX Info: Redefining \ref on input line 6428.
LaTeX Info: Redefining \pageref on input line 6432.
\Hy@abspage=\count285
\c@Item=\count286
\c@Hfootnote=\count287
)

Package hyperref Message: Driver (autodetected): hpdftex.

(/usr/local/texlive/2017/texmf-dist/tex/latex/hyperref/hpdftex.def
File: hpdftex.def 2017/03/14 v6.85a Hyperref driver for pdfTeX
\Fld@listcount=\count288
\c@bookmark@seq@number=\count289

(/usr/local/texlive/2017/texmf-dist/tex/latex/oberdiek/rerunfilecheck.sty
Package: rerunfilecheck 2016/05/16 v1.8 Rerun checks for auxiliary files (HO)
Package uniquecounter Info: New unique counter `rerunfilecheck' on input line 2
82.
)
\Hy@SectionHShift=\skip93
)
(/usr/local/texlive/2017/texmf-dist/tex/latex/appendix/appendix.sty
Package: appendix 2009/09/02 v1.2b extra appendix facilities
\c@@pps=\count290
\c@@ppsavesec=\count291
\c@@ppsaveapp=\count292
)
(/usr/local/texlive/2017/texmf-dist/tex/latex/graphics/rotating.sty
Package: rotating 2016/08/11 v2.16d rotated objects in LaTeX
\c@r@tfl@t=\count293
\rotFPtop=\skip94
\rotFPbot=\skip95
\rot@float@box=\box27
\rot@mess@toks=\toks17
)
(/usr/local/texlive/2017/texmf-dist/tex/generic/ulem/ulem.sty
\UL@box=\box28
\UL@hyphenbox=\box29
\UL@skip=\skip96
\UL@hook=\toks18
\UL@height=\dimen122
\UL@pe=\count294
\UL@pixel=\dimen123
\ULC@box=\box30
Package: ulem 2012/05/18
\ULdepth=\dimen124
)
(/usr/local/texlive/2017/texmf-dist/tex/latex/amsfonts/amssymb.sty
Package: amssymb 2013/01/14 v3.01 AMS font symbols

(/usr/local/texlive/2017/texmf-dist/tex/latex/amsfonts/amsfonts.sty
Package: amsfonts 2013/01/14 v3.01 Basic AMSFonts support
\@emptytoks=\toks19
\symAMSa=\mathgroup4
\symAMSb=\mathgroup5
LaTeX Font Info:    Overwriting math alphabet `\mathfrak' in version `bold'
(Font)                  U/euf/m/n --> U/euf/b/n on input line 106.
))
(/usr/local/texlive/2017/texmf-dist/tex/latex/amsmath/amsmath.sty
Package: amsmath 2016/11/05 v2.16a AMS math features
\@mathmargin=\skip97

For additional information on amsmath, use the `?' option.
(/usr/local/texlive/2017/texmf-dist/tex/latex/amsmath/amstext.sty
Package: amstext 2000/06/29 v2.01 AMS text

(/usr/local/texlive/2017/texmf-dist/tex/latex/amsmath/amsgen.sty
File: amsgen.sty 1999/11/30 v2.0 generic functions
\@emptytoks=\toks20
\ex@=\dimen125
))
(/usr/local/texlive/2017/texmf-dist/tex/latex/amsmath/amsbsy.sty
Package: amsbsy 1999/11/29 v1.2d Bold Symbols
\pmbraise@=\dimen126
)
(/usr/local/texlive/2017/texmf-dist/tex/latex/amsmath/amsopn.sty
Package: amsopn 2016/03/08 v2.02 operator names
)
\inf@bad=\count295
LaTeX Info: Redefining \frac on input line 213.
\uproot@=\count296
\leftroot@=\count297
LaTeX Info: Redefining \overline on input line 375.
\classnum@=\count298
\DOTSCASE@=\count299
LaTeX Info: Redefining \ldots on input line 472.
LaTeX Info: Redefining \dots on input line 475.
LaTeX Info: Redefining \cdots on input line 596.
\Mathstrutbox@=\box31
\strutbox@=\box32
\big@size=\dimen127
LaTeX Font Info:    Redeclaring font encoding OML on input line 712.
LaTeX Font Info:    Redeclaring font encoding OMS on input line 713.
\macc@depth=\count300
\c@MaxMatrixCols=\count301
\dotsspace@=\muskip11
\c@parentequation=\count302
\dspbrk@lvl=\count303
\tag@help=\toks21
\row@=\count304
\column@=\count305
\maxfields@=\count306
\andhelp@=\toks22
\eqnshift@=\dimen128
\alignsep@=\dimen129
\tagshift@=\dimen130
\tagwidth@=\dimen131
\totwidth@=\dimen132
\lineht@=\dimen133
\@envbody=\toks23
\multlinegap=\skip98
\multlinetaggap=\skip99
\mathdisplay@stack=\toks24
LaTeX Info: Redefining \[ on input line 2817.
LaTeX Info: Redefining \] on input line 2818.
)
(/usr/local/texlive/2017/texmf-dist/tex/latex/tools/bm.sty
Package: bm 2017/01/16 v1.2c Bold Symbol Support (DPC/FMi)
\symboldoperators=\mathgroup6
\symboldletters=\mathgroup7
\symboldsymbols=\mathgroup8
LaTeX Font Info:    Redeclaring math alphabet \mathbf on input line 141.
LaTeX Info: Redefining \bm on input line 207.
)
(/usr/local/texlive/2017/texmf-dist/tex/latex/mathtools/mathtools.sty
Package: mathtools 2015/11/12 v1.18 mathematical typesetting tools

(/usr/local/texlive/2017/texmf-dist/tex/latex/tools/calc.sty
Package: calc 2014/10/28 v4.3 Infix arithmetic (KKT,FJ)
\calc@Acount=\count307
\calc@Bcount=\count308
\calc@Adimen=\dimen134
\calc@Bdimen=\dimen135
\calc@Askip=\skip100
\calc@Bskip=\skip101
LaTeX Info: Redefining \setlength on input line 80.
LaTeX Info: Redefining \addtolength on input line 81.
\calc@Ccount=\count309
\calc@Cskip=\skip102
)
(/usr/local/texlive/2017/texmf-dist/tex/latex/mathtools/mhsetup.sty
Package: mhsetup 2010/01/21 v1.2a programming setup (MH)
)
LaTeX Info: Thecontrolsequence`\('isalreadyrobust on input line 129.
LaTeX Info: Thecontrolsequence`\)'isalreadyrobust on input line 129.
LaTeX Info: Thecontrolsequence`\['isalreadyrobust on input line 129.
LaTeX Info: Thecontrolsequence`\]'isalreadyrobust on input line 129.
\g_MT_multlinerow_int=\count310
\l_MT_multwidth_dim=\dimen136
\origjot=\skip103
\l_MT_shortvdotswithinadjustabove_dim=\dimen137
\l_MT_shortvdotswithinadjustbelow_dim=\dimen138
\l_MT_above_intertext_sep=\dimen139
\l_MT_below_intertext_sep=\dimen140
\l_MT_above_shortintertext_sep=\dimen141
\l_MT_below_shortintertext_sep=\dimen142
)
Package biblatex Info: Trying to load language 'english'...
Package biblatex Info: ... file 'english.lbx' found.

(/usr/local/texlive/2017/texmf-dist/tex/latex/biblatex/lbx/english.lbx
File: english.lbx 2016/12/05 v3.7 biblatex localization (PK/JW/AB)
)
\@quotelevel=\count311
\@quotereset=\count312


LaTeX Warning: Unused global option(s):
    [amsmath].

(./thesis.aux)
\openout1 = `thesis.aux'.

LaTeX Font Info:    Checking defaults for OML/cmm/m/it on input line 62.
LaTeX Font Info:    ... okay on input line 62.
LaTeX Font Info:    Checking defaults for T1/cmr/m/n on input line 62.
LaTeX Font Info:    ... okay on input line 62.
LaTeX Font Info:    Checking defaults for OT1/cmr/m/n on input line 62.
LaTeX Font Info:    ... okay on input line 62.
LaTeX Font Info:    Checking defaults for OMS/cmsy/m/n on input line 62.
LaTeX Font Info:    ... okay on input line 62.
LaTeX Font Info:    Checking defaults for OMX/cmex/m/n on input line 62.
LaTeX Font Info:    ... okay on input line 62.
LaTeX Font Info:    Checking defaults for U/cmr/m/n on input line 62.
LaTeX Font Info:    ... okay on input line 62.
LaTeX Font Info:    Checking defaults for PD1/pdf/m/n on input line 62.
LaTeX Font Info:    ... okay on input line 62.
LaTeX Font Info:    Try loading font information for OT1+ptm on input line 62.
 (/usr/local/texlive/2017/texmf-dist/tex/latex/psnfss/ot1ptm.fd
File: ot1ptm.fd 2001/06/04 font definitions for OT1/ptm.
)
(/usr/local/texlive/2017/texmf-dist/tex/context/base/mkii/supp-pdf.mkii
[Loading MPS to PDF converter (version 2006.09.02).]
\scratchcounter=\count313
\scratchdimen=\dimen143
\scratchbox=\box33
\nofMPsegments=\count314
\nofMParguments=\count315
\everyMPshowfont=\toks25
\MPscratchCnt=\count316
\MPscratchDim=\dimen144
\MPnumerator=\count317
\makeMPintoPDFobject=\count318
\everyMPtoPDFconversion=\toks26
) (/usr/local/texlive/2017/texmf-dist/tex/latex/oberdiek/epstopdf-base.sty
Package: epstopdf-base 2016/05/15 v2.6 Base part for package epstopdf

(/usr/local/texlive/2017/texmf-dist/tex/latex/oberdiek/grfext.sty
Package: grfext 2016/05/16 v1.2 Manage graphics extensions (HO)
)
Package epstopdf-base Info: Redefining graphics rule for `.eps' on input line 4
38.
Package grfext Info: Graphics extension search list:
(grfext)             [.png,.pdf,.jpg,.mps,.jpeg,.jbig2,.jb2,.PNG,.PDF,.JPG,.JPE
G,.JBIG2,.JB2,.eps]
(grfext)             \AppendGraphicsExtensions on input line 456.

(/usr/local/texlive/2017/texmf-dist/tex/latex/latexconfig/epstopdf-sys.cfg
File: epstopdf-sys.cfg 2010/07/13 v1.3 Configuration of (r)epstopdf for TeX Liv
e
))
*geometry* driver: auto-detecting
*geometry* detected driver: pdftex
*geometry* verbose mode - [ preamble ] result:
* driver: pdftex
* paper: letterpaper
* layout: <same size as paper>
* layoutoffset:(h,v)=(0.0pt,0.0pt)
* modes: 
* h-part:(L,W,R)=(108.405pt, 433.62001pt, 72.26999pt)
* v-part:(T,H,B)=(72.26999pt, 650.43001pt, 72.26999pt)
* \paperwidth=614.295pt
* \paperheight=794.96999pt
* \textwidth=433.62001pt
* \textheight=650.43001pt
* \oddsidemargin=36.13501pt
* \evensidemargin=36.13501pt
* \topmargin=-37.0pt
* \headheight=12.0pt
* \headsep=25.0pt
* \topskip=12.0pt
* \footskip=30.0pt
* \marginparwidth=44.0pt
* \marginparsep=10.0pt
* \columnsep=10.0pt
* \skip\footins=10.8pt plus 4.0pt minus 2.0pt
* \hoffset=0.0pt
* \voffset=0.0pt
* \mag=1000
* \@twocolumnfalse
* \@twosidefalse
* \@mparswitchfalse
* \@reversemarginfalse
* (1in=72.27pt=25.4mm, 1cm=28.453pt)

Package biblatex Info: No input encoding detected.
(biblatex)             Assuming 'ascii'.
Package biblatex Info: Automatic encoding selection.
(biblatex)             Assuming data encoding 'ascii'.
Package biblatex Info: Input encoding 'ascii' specified.
Package biblatex Info: Data encoding 'ascii' specified.
(biblatex)             No need to reencode data.
\openout4 = `thesis-blx.bib'.

Package biblatex Info: Trying to load bibliographic data...
Package biblatex Info: ... file 'thesis.bbl' found.
(./thesis.bbl

Package biblatex Warning: Biber reported the following issues
(biblatex)                with 'Wu97.PRL.78.3086':
(biblatex)                - Invalid format of field 'month'.


Package biblatex Warning: Biber reported the following issues
(biblatex)                with 'PhysRevA.49.1202':
(biblatex)                - Invalid format of field 'month'.


Package biblatex Warning: Biber reported the following issues
(biblatex)                with 'PhysRevLett.76.1796':
(biblatex)                - Invalid format of field 'month'.


Package biblatex Warning: Biber reported the following issues
(biblatex)                with 'Cirac95.PRL.74.4091':
(biblatex)                - Invalid format of field 'month'.


Package biblatex Warning: Biber reported the following issues
(biblatex)                with 'Sorensen00.PRA.62.022311':
(biblatex)                - Invalid format of field 'month'.


Package biblatex Warning: Biber reported the following issues
(biblatex)                with 'Diedrich89.PRL.62.403':
(biblatex)                - Invalid format of field 'month'.


Package biblatex Warning: Biber reported the following issues
(biblatex)                with 'Turchette.PRA.61.063418':
(biblatex)                - Invalid format of field 'month'.


Package biblatex Warning: Biber reported the following issues
(biblatex)                with 'Shu14.PRA.89.062308':
(biblatex)                - Invalid format of field 'month'.


Package biblatex Warning: Biber reported the following issues
(biblatex)                with 'Wan15.PRA.91.043425':
(biblatex)                - Invalid format of field 'month'.


Package biblatex Warning: Biber reported the following issues
(biblatex)                with 'Cirac92.PRA.46.2668':
(biblatex)                - Invalid format of field 'month'.


Package biblatex Warning: Biber reported the following issues
(biblatex)                with 'Zhang12.PRA.85.053420':
(biblatex)                - Invalid format of field 'month'.


Package biblatex Warning: Biber reported the following issues
(biblatex)                with 'Leibrandt09.PRL.103.103001':
(biblatex)                - Invalid format of field 'month'.


Package biblatex Warning: Biber reported the following issues
(biblatex)                with 'Steiner13.PRL.110.043003':
(biblatex)                - Invalid format of field 'month'.


Package biblatex Warning: Biber reported the following issues
(biblatex)                with 'PhysRevLett.89.103001':
(biblatex)                - Invalid format of field 'month'.

./thesis.bbl:1432: Illegal parameter number in definition of \abx@field@abstrac
t.
<to be read again> 
                   I
l.1432   \endentry
                  
? 
./thesis.bbl:1432: Illegal parameter number in definition of \abx@field@abstrac
t.
<to be read again> 
                    
l.1432   \endentry
                  
? 

Package biblatex Warning: Biber reported the following issues
(biblatex)                with 'Clark14.PRAppl.1.024004':
(biblatex)                - Invalid format of field 'month'.


Package biblatex Warning: Biber reported the following issues
(biblatex)                with 'OpticalClocks':
(biblatex)                - Invalid format of field 'month'.


Package biblatex Warning: Biber reported the following issues
(biblatex)                with 'BorregaardSorensen':
(biblatex)                - Invalid format of field 'month'.


Package biblatex Warning: Biber reported the following issues
(biblatex)                with 'Leibfried03.RMP.75.281':
(biblatex)                - Invalid format of field 'month'.


Package biblatex Warning: Biber reported the following issues
(biblatex)                with 'Blatt2012':
(biblatex)                - Invalid format of field 'month'.


Package biblatex Warning: Biber reported the following issues
(biblatex)                with 'RevModPhys.87.637':
(biblatex)                - Invalid format of field 'month'.


Package biblatex Warning: Biber reported the following issues
(biblatex)                with 'PhysRevA.20.1521':
(biblatex)                - Invalid format of field 'month'.


Package biblatex Warning: Biber reported the following issues
(biblatex)                with 'Gulde2001':
(biblatex)                - Invalid format of field 'month'.


Package biblatex Warning: Biber reported the following issues
(biblatex)                with 'PhysRevLett.96.253003':
(biblatex)                - Invalid format of field 'month'.


Package biblatex Warning: Biber reported the following issues
(biblatex)                with 'PhysRevA.76.033411':
(biblatex)                - Invalid format of field 'month'.


Package biblatex Warning: Biber reported the following issues
(biblatex)                with 'StandingWave':
(biblatex)                - Invalid format of field 'month'.


Package biblatex Warning: Biber reported the following issues
(biblatex)                with '5570702':
(biblatex)                - Invalid format of field 'month'.


Package biblatex Warning: Biber reported the following issues
(biblatex)                with 'Allan':
(biblatex)                - Invalid format of field 'month'.


Package biblatex Warning: Biber reported the following issues
(biblatex)                with 'Itano1993':
(biblatex)                - Invalid format of field 'month'.


Package biblatex Warning: Biber reported the following issues
(biblatex)                with 'BSsup':
(biblatex)                - Invalid format of field 'month'.


Package biblatex Warning: Biber reported the following issues
(biblatex)                with 'StableLaser1':
(biblatex)                - Invalid format of field 'month'.


Package biblatex Warning: Biber reported the following issues
(biblatex)                with '6174186':
(biblatex)                - Invalid format of field 'month'.

Runaway argument?
{{{hash=MJJ}{family={McFerran}, familyi={M\bibinitperiod }, given={J.\ETC.
./thesis.bbl:3756: Paragraph ended before \name was complete.
<to be read again> 
                   \par 
l.3756 
       
? 

Package biblatex Warning: Biber reported the following issues
(biblatex)                with 'KesslerT.2012':
(biblatex)                - Invalid format of field 'month'.


Package biblatex Warning: Biber reported the following issues
(biblatex)                with 'Y.2011':
(biblatex)                - Invalid format of field 'month'.


Package biblatex Warning: Biber reported the following issues
(biblatex)                with 'PhysRevA.79.053829':
(biblatex)                - Invalid format of field 'month'.


Package biblatex Warning: Biber reported the following issues
(biblatex)                with 'Ludlow:07':
(biblatex)                - Invalid format of field 'month'.


Package biblatex Warning: Biber reported the following issues
(biblatex)                with 'PhysRevLett.82.3799':
(biblatex)                - Invalid format of field 'month'.


Package biblatex Warning: Biber reported the following issues
(biblatex)                with 'R.2008':
(biblatex)                - Invalid format of field 'month'.


Package biblatex Warning: Biber reported the following issues
(biblatex)                with 'RevModPhys.78.1297':
(biblatex)                - Invalid format of field 'month'.


Package biblatex Warning: Biber reported the following issues
(biblatex)                with 'RevModPhys.78.1279':
(biblatex)                - Invalid format of field 'month'.


Package biblatex Warning: Biber reported the following issues
(biblatex)                with 'RevModPhys.75.325':
(biblatex)                - Invalid format of field 'month'.


Package biblatex Warning: Biber reported the following issues
(biblatex)                with 'Udem:99':
(biblatex)                - Invalid format of field 'month'.


Package biblatex Warning: Biber reported the following issues
(biblatex)                with 'PhysRevLett.88.073601':
(biblatex)                - Invalid format of field 'month'.


Package biblatex Warning: Biber reported the following issues
(biblatex)                with 'PhysRevLett.84.5102':
(biblatex)                - Invalid format of field 'month'.


Package biblatex Warning: Biber reported the following issues
(biblatex)                with 'Kielpinski2002':
(biblatex)                - Invalid format of field 'month'.


Package biblatex Warning: Biber reported the following issues
(biblatex)                with 'TransGateTh':
(biblatex)                - Invalid format of field 'month'.


Package biblatex Warning: Biber reported the following issues
(biblatex)                with 'TransGateExp':
(biblatex)                - Invalid format of field 'month'.


Package biblatex Warning: Biber reported the following issues
(biblatex)                with 'PhysRevA.57.3748':
(biblatex)                - Invalid format of field 'month'.


Package biblatex Warning: Biber reported the following issues
(biblatex)                with 'RevModPhys.75.715':
(biblatex)                - Invalid format of field 'month'.


Package biblatex Warning: Biber reported the following issues
(biblatex)                with 'Ma:94':
(biblatex)                - Invalid format of field 'month'.


Package biblatex Warning: Biber reported the following issues
(biblatex)                with 'PhysRevLett.109.080502':
(biblatex)                - Invalid format of field 'month'.


Package biblatex Warning: Biber reported the following issues
(biblatex)                with 'PhysRevLett.100.200502':
(biblatex)                - Invalid format of field 'month'.


Package biblatex Warning: Biber reported the following issues
(biblatex)                with 'PhysRevA.81.040302':
(biblatex)                - Invalid format of field 'month'.


Package biblatex Warning: Biber reported the following issues
(biblatex)                with 'PhysRevLett.118.073001':
(biblatex)                - Invalid format of field 'month'.

)
Package biblatex Info: Reference section=0 on input line 62.
Package biblatex Info: Reference segment=0 on input line 62.
\AtBeginShipoutBox=\box34
Package hyperref Info: Link coloring OFF on input line 62.
 (/usr/local/texlive/2017/texmf-dist/tex/latex/hyperref/nameref.sty
Package: nameref 2016/05/21 v2.44 Cross-referencing by name of section

(/usr/local/texlive/2017/texmf-dist/tex/generic/oberdiek/gettitlestring.sty
Package: gettitlestring 2016/05/16 v1.5 Cleanup title references (HO)
)
\c@section@level=\count319
)
LaTeX Info: Redefining \ref on input line 62.
LaTeX Info: Redefining \pageref on input line 62.
LaTeX Info: Redefining \nameref on input line 62.

(./thesis.out) (./thesis.out)
\@outlinefile=\write5
\openout5 = `thesis.out'.

 (./titlePage.tex
LaTeX Font Info:    Font shape `OT1/ptm/bx/n' in size <12> not available
(Font)              Font shape `OT1/ptm/b/n' tried instead on input line 21.
LaTeX Font Info:    Try loading font information for OMS+ptm on input line 40.

(/usr/local/texlive/2017/texmf-dist/tex/latex/psnfss/omsptm.fd
File: omsptm.fd 
)
LaTeX Font Info:    Font shape `OMS/ptm/m/n' in size <12> not available
(Font)              Font shape `OMS/cmsy/m/n' tried instead on input line 40.
 [1

{/usr/local/texlive/2017/texmf-var/fonts/map/pdftex/updmap/pdftex.map}]) (./app
rovalPage.tex
Underfull \hbox (badness 10000) in paragraph at lines 51--54

 []


Underfull \hbox (badness 10000) in paragraph at lines 55--58

 []


Underfull \hbox (badness 10000) in paragraph at lines 59--62

 []


Underfull \hbox (badness 10000) in paragraph at lines 69--72

 []


Underfull \hbox (badness 10000) in paragraph at lines 87--90

 []

pdfTeX warning (ext4): destination with the same identifier (name{page.1}) has 
been already used, duplicate ignored
<to be read again> 
                   \relax 
l.132 \end{titlepage}
                      [1]) (./acknowledgements.tex [3

]) (./thesis.toc
LaTeX Font Info:    Try loading font information for U+msa on input line 3.

(/usr/local/texlive/2017/texmf-dist/tex/latex/amsfonts/umsa.fd
File: umsa.fd 2013/01/14 v3.01 AMS symbols A
)
LaTeX Font Info:    Try loading font information for U+msb on input line 3.

(/usr/local/texlive/2017/texmf-dist/tex/latex/amsfonts/umsb.fd
File: umsb.fd 2013/01/14 v3.01 AMS symbols B
) [4


] [5])
\tf@toc=\write6
\openout6 = `thesis.toc'.


[6] (./thesis.lot)
\tf@lot=\write7
\openout7 = `thesis.lot'.

 [7


] (./thesis.lof
Overfull \hbox (7.08543pt too wide) in paragraph at lines 11--11
 [][] [][]\OT1/ptm/m/n/12 Sample spec-troscopy data cen-tered about the $\OMS/c
msy/m/n/12 j\OML/cmm/m/it/12 S[]; m[] \OT1/cmr/m/n/12 = []\OMS/cmsy/m/n/12 i $ 
j\OML/cmm/m/it/12 D[]; m[] \OT1/cmr/m/n/12 = 
 []

[8


] [9]
Overfull \hbox (1.11003pt too wide) in paragraph at lines 39--39
 \OT1/ptm/m/n/12 ping po-ten-tials. De-vi-a-tions from the model can be at-trib
uted non-uniformity 
 []

[10] [11])
\tf@lof=\write8
\openout8 = `thesis.lof'.

 [12] (./summary.tex) (./chapter1.texpdfTeX warning (ext4): destination with th
e same identifier (name{page.1}) has been already used, duplicate ignored
<to be read again> 
                   \relax 
l.1 \chapter
            {Introduction and Background} [1


]
Chapter 1.
[2

]
./chapter1.tex:11: Illegal parameter number in definition of \abx@field@abstrac
t.
<to be read again> 
                   I
l.11 ...r10.NJP.9.093035,Clark14.PRAppl.1.024004}.
                                                  
? 
./chapter1.tex:11: Illegal parameter number in definition of \abx@field@abstrac
t.
<to be read again> 
                    
l.11 ...r10.NJP.9.093035,Clark14.PRAppl.1.024004}.
                                                  
? 
./chapter1.tex:11: Illegal parameter number in definition of \abx@field@abstrac
t.
<to be read again> 
                   I
l.11 ...r10.NJP.9.093035,Clark14.PRAppl.1.024004}.
                                                  
? 
./chapter1.tex:11: Illegal parameter number in definition of \abx@field@abstrac
t.
<to be read again> 
                    
l.11 ...r10.NJP.9.093035,Clark14.PRAppl.1.024004}.
                                                  
? 
[3] [4] [5])
Overfull \hbox (2.3094pt too wide) in paragraph at lines 21--198
[]\OT1/ptm/m/n/12 A pro-posal by Bor-re-gaard and S^^\rensen [[]36[]] de-scribe
s how the per-for-mance of a trapped
 []

(./chapter2.tex [6]
Chapter 2.

Package hyperref Warning: Token not allowed in a PDF string (PDFDocEncoding):
(hyperref)                removing `math shift' on input line 1.


Package hyperref Warning: Token not allowed in a PDF string (PDFDocEncoding):
(hyperref)                removing `superscript' on input line 1.


Package hyperref Warning: Token not allowed in a PDF string (PDFDocEncoding):
(hyperref)                removing `math shift' on input line 1.


Package hyperref Warning: Token not allowed in a PDF string (PDFDocEncoding):
(hyperref)                removing `math shift' on input line 1.


Package hyperref Warning: Token not allowed in a PDF string (PDFDocEncoding):
(hyperref)                removing `superscript' on input line 1.


Package hyperref Warning: Token not allowed in a PDF string (PDFDocEncoding):
(hyperref)                removing `math shift' on input line 1.

[7

] [8]

Package hyperref Warning: Token not allowed in a PDF string (PDFDocEncoding):
(hyperref)                removing `math shift' on input line 56.


Package hyperref Warning: Token not allowed in a PDF string (PDFDocEncoding):
(hyperref)                removing `superscript' on input line 56.


Package hyperref Warning: Token not allowed in a PDF string (PDFDocEncoding):
(hyperref)                removing `math shift' on input line 56.


Package hyperref Warning: Token not allowed in a PDF string (PDFDocEncoding):
(hyperref)                removing `math shift' on input line 56.


Package hyperref Warning: Token not allowed in a PDF string (PDFDocEncoding):
(hyperref)                removing `superscript' on input line 56.


Package hyperref Warning: Token not allowed in a PDF string (PDFDocEncoding):
(hyperref)                removing `math shift' on input line 56.

<figures/2/Fig_CaSpec.pdf, id=645, 307.71655pt x 217.37904pt>
File: figures/2/Fig_CaSpec.pdf Graphic file (type pdf)

<use figures/2/Fig_CaSpec.pdf>
Package pdftex.def Info: figures/2/Fig_CaSpec.pdf used on input line 61.
(pdftex.def)             Requested size: 307.71579pt x 217.37851pt.
 [9] [10 <./figures/2/Fig_CaSpec.pdf>]
<figures/2/Fig_ZeemanSplits.pdf, id=687, 424.94762pt x 180.675pt>
File: figures/2/Fig_ZeemanSplits.pdf Graphic file (type pdf)

<use figures/2/Fig_ZeemanSplits.pdf>
Package pdftex.def Info: figures/2/Fig_ZeemanSplits.pdf used on input line 118.

(pdftex.def)             Requested size: 424.94656pt x 180.67455pt.
 [11 <./figures/2/Fig_ZeemanSplits.pdf>]
./chapter2.tex:127: Extra }, or forgotten $.
l.127 ...ach transition ($g_J = 2\text{,} \ (6/5)}
                                                  $ for $S_{1/2}$ and $D_{5/...

? 
[12] [13] <figures/2/Fig_729spec.pdf, id=747, 414.82977pt x 202.35599pt>
File: figures/2/Fig_729spec.pdf Graphic file (type pdf)

<use figures/2/Fig_729spec.pdf>
Package pdftex.def Info: figures/2/Fig_729spec.pdf used on input line 186.
(pdftex.def)             Requested size: 414.82875pt x 202.35548pt.
 [14 <./figures/2/Fig_729spec.pdf>] [15]
[16] <figures/2/Fig_Flopping.pdf, id=790, 414.82977pt x 299.92052pt>
File: figures/2/Fig_Flopping.pdf Graphic file (type pdf)

<use figures/2/Fig_Flopping.pdf>
Package pdftex.def Info: figures/2/Fig_Flopping.pdf used on input line 266.
(pdftex.def)             Requested size: 414.82875pt x 299.91977pt.

./chapter2.tex:283: Undefined control sequence.
<argument> ...egin {split} P_e (t) &= \mathlarger 
                                                  {\sum _{n=0}^{\infty }} \ ...
l.283 \end{split}
                 
? 
./chapter2.tex:283: Undefined control sequence.
<argument> ...) \ P_{e,n+m} (t) \\ &= \mathlarger 
                                                  {\sum _{n=0}^{\infty }} P_...
l.283 \end{split}
                 
? 
./chapter2.tex:283: Undefined control sequence.
<argument> ...egin {split} P_e (t) &= \mathlarger 
                                                  {\sum _{n=0}^{\infty }} \ ...
l.283 \end{split}
                 
? 
./chapter2.tex:283: Undefined control sequence.
<argument> ...) \ P_{e,n+m} (t) \\ &= \mathlarger 
                                                  {\sum _{n=0}^{\infty }} P_...
l.283 \end{split}
                 
? 
[17] [18 <./figures/2/Fig_Flopping.pdf>] [19] [20] [21]
<figures/2/Fig_histograms.pdf, id=884, 202.92506pt x 166.79005pt>
File: figures/2/Fig_histograms.pdf Graphic file (type pdf)

<use figures/2/Fig_histograms.pdf>
Package pdftex.def Info: figures/2/Fig_histograms.pdf used on input line 366.
(pdftex.def)             Requested size: 202.92456pt x 166.78964pt.

Overfull \hbox (10.31853pt too wide) in paragraph at lines 371--372
\OT1/ptm/m/n/12 During Doppler cool-ing, the spon-ta-neous de-cay of the $\OML/
cmm/m/it/12 P[]$ \OT1/ptm/m/n/12 state will pop-u-late the $\OMS/cmsy/m/n/12 j\
OML/cmm/m/it/12 S[]; m[] \OT1/cmr/m/n/12 =
 []

[22] [23 <./figures/2/Fig_histograms.pdf>]) (./chapter3.tex [24]
Chapter 3.
<figures/3/Fig_genIItrapR.pdf, id=921, 419.73763pt x 263.3568pt>
File: figures/3/Fig_genIItrapR.pdf Graphic file (type pdf)

<use figures/3/Fig_genIItrapR.pdf>
Package pdftex.def Info: figures/3/Fig_genIItrapR.pdf used on input line 9.
(pdftex.def)             Requested size: 419.7366pt x 263.35614pt.
 [25

]
<figures/3/Fig_HeatingRate.pdf, id=936, 275.19505pt x 197.14346pt>
File: figures/3/Fig_HeatingRate.pdf Graphic file (type pdf)

<use figures/3/Fig_HeatingRate.pdf>
Package pdftex.def Info: figures/3/Fig_HeatingRate.pdf used on input line 22.
(pdftex.def)             Requested size: 275.19438pt x 197.14296pt.
 [26 <./figures/3/Fig_genIItrapR.pdf>]
<figures/3/Fig_CameraConfigPNG.png, id=959, 411.4572pt x 239.4546pt>
File: figures/3/Fig_CameraConfigPNG.png Graphic file (type png)

<use figures/3/Fig_CameraConfigPNG.png>
Package pdftex.def Info: figures/3/Fig_CameraConfigPNG.png used on input line 3
5.
(pdftex.def)             Requested size: 411.45618pt x 239.45401pt.
 [27 <./figures/3/Fig_HeatingRate.pdf>]
<figures/3/Fig_lasers5.pdf, id=993, 401.66756pt x 333.01106pt>
File: figures/3/Fig_lasers5.pdf Graphic file (type pdf)

<use figures/3/Fig_lasers5.pdf>
Package pdftex.def Info: figures/3/Fig_lasers5.pdf used on input line 59.
(pdftex.def)             Requested size: 401.66656pt x 333.01024pt.
 [28 <./figures/3/Fig_CameraConfigPNG.png>]
[29]) (./chapter4.tex [30] [31 <./figures/3/Fig_lasers5.pdf>]
Chapter 4.
<figures/4/Fig_SWgeometry2.pdf, id=1112, 231.264pt x 173.448pt>
File: figures/4/Fig_SWgeometry2.pdf Graphic file (type pdf)

<use figures/4/Fig_SWgeometry2.pdf>
Package pdftex.def Info: figures/4/Fig_SWgeometry2.pdf used on input line 9.
(pdftex.def)             Requested size: 231.26343pt x 173.44757pt.
 [32

]
./chapter4.tex:43: Undefined control sequence.
l.43 ...on picture $\hat{H}_I = \hat{U}_0^{\Dagger
                                                  } \hat{H} \hat{U}_0$ as be...

? 
[33 <./figures/4/Fig_SWgeometry2.pdf>] [34]
<figures/4/Fig_SWlaserConfigPNG.png, id=1181, 411.4572pt x 180.675pt>
File: figures/4/Fig_SWlaserConfigPNG.png Graphic file (type png)

<use figures/4/Fig_SWlaserConfigPNG.png>
Package pdftex.def Info: figures/4/Fig_SWlaserConfigPNG.png used on input line 
93.
(pdftex.def)             Requested size: 411.45618pt x 180.67455pt.
 [35] [36 <./figures/4/Fig_SWlaserConfigPNG.png>] <figures/4/Fig_Quadrupole.pdf
, id=1201, 260.74106pt x 239.06006pt>
File: figures/4/Fig_Quadrupole.pdf Graphic file (type pdf)

<use figures/4/Fig_Quadrupole.pdf>
Package pdftex.def Info: figures/4/Fig_Quadrupole.pdf used on input line 114.
(pdftex.def)             Requested size: 260.74042pt x 239.05946pt.

<figures/4/Fig_fringes3.pdf, id=1202, 430.57555pt x 166.79005pt>
File: figures/4/Fig_fringes3.pdf Graphic file (type pdf)

<use figures/4/Fig_fringes3.pdf>
Package pdftex.def Info: figures/4/Fig_fringes3.pdf used on input line 134.
(pdftex.def)             Requested size: 430.57448pt x 166.78964pt.
 [37 <./figures/4/Fig_Quadrupole.pdf>]
<figures/4/Fig_powerdb.pdf, id=1237, 434.18906pt x 116.20105pt>
File: figures/4/Fig_powerdb.pdf Graphic file (type pdf)

<use figures/4/Fig_powerdb.pdf>
Package pdftex.def Info: figures/4/Fig_powerdb.pdf used on input line 147.
(pdftex.def)             Requested size: 434.18799pt x 116.20074pt.

Overfull \hbox (0.56798pt too wide) in paragraph at lines 147--148
 [] 
 []

[38 <./figures/4/Fig_fringes3.pdf>]
./chapter4.tex:160: Undefined control sequence.
l.160 P_e(t) = \mathlarger
                          {\sum_{n=0}^{\infty}} P_n (\bar{n}) \sin^2 \bigg[ ...

? 
[39 <./figures/4/Fig_powerdb.pdf>]
<figures/4/Fig_PPfit.pdf, id=1267, 296.87607pt x 181.24405pt>
File: figures/4/Fig_PPfit.pdf Graphic file (type pdf)

<use figures/4/Fig_PPfit.pdf>
Package pdftex.def Info: figures/4/Fig_PPfit.pdf used on input line 180.
(pdftex.def)             Requested size: 296.87534pt x 181.2436pt.
 [40]) [41 <./figures/4/Fig_PPfit.pdf>]
(./chapter5.tex [42]
Chapter 5.
[43

] <figures/5/Fig_powerlaw.pdf, id=1314, 244.11896pt x 195.69806pt>
File: figures/5/Fig_powerlaw.pdf Graphic file (type pdf)

<use figures/5/Fig_powerlaw.pdf>
Package pdftex.def Info: figures/5/Fig_powerlaw.pdf used on input line 39.
(pdftex.def)             Requested size: 244.11835pt x 195.69756pt.
 [44] [45 <./figures/5/Fig_powerlaw.pdf>]
<figures/5/Fig_BlochRamsey2.pdf, id=1351, 426.8748pt x 376.28581pt>
File: figures/5/Fig_BlochRamsey2.pdf Graphic file (type pdf)

<use figures/5/Fig_BlochRamsey2.pdf>
Package pdftex.def Info: figures/5/Fig_BlochRamsey2.pdf used on input line 71.
(pdftex.def)             Requested size: 426.87375pt x 376.28488pt.
 [46] [47 <./figures/5/Fig_BlochRamsey2.pdf>] <figures/5/Fig_RamseyEx.pdf, id=1
383, 429.13014pt x 264.35457pt>
File: figures/5/Fig_RamseyEx.pdf Graphic file (type pdf)

<use figures/5/Fig_RamseyEx.pdf>
Package pdftex.def Info: figures/5/Fig_RamseyEx.pdf used on input line 85.
(pdftex.def)             Requested size: 429.12909pt x 264.35391pt.
 [48 <./figures/5/Fig_RamseyEx.pdf>]
<figures/5/Fig_multiensembles.pdf, id=1411, 412.50804pt x 231.83305pt>
File: figures/5/Fig_multiensembles.pdf Graphic file (type pdf)

<use figures/5/Fig_multiensembles.pdf>
Package pdftex.def Info: figures/5/Fig_multiensembles.pdf used on input line 10
9.
(pdftex.def)             Requested size: 412.50702pt x 231.83247pt.
 [49] [50 <./figures/5/Fig_multiensembles.pdf>] <figures/5/Fig_quadrature.pdf, 
id=1458, 423.34856pt x 130.65506pt>
File: figures/5/Fig_quadrature.pdf Graphic file (type pdf)

<use figures/5/Fig_quadrature.pdf>
Package pdftex.def Info: figures/5/Fig_quadrature.pdf used on input line 132.
(pdftex.def)             Requested size: 423.34752pt x 130.65472pt.
 [51 <./figures/5/Fig_quadrature.pdf>]

Package hyperref Warning: Token not allowed in a PDF string (PDFDocEncoding):
(hyperref)                removing `math shift' on input line 157.


Package hyperref Warning: Token not allowed in a PDF string (PDFDocEncoding):
(hyperref)                removing `superscript' on input line 157.


Package hyperref Warning: Token not allowed in a PDF string (PDFDocEncoding):
(hyperref)                removing `math shift' on input line 157.


Package hyperref Warning: Token not allowed in a PDF string (PDFDocEncoding):
(hyperref)                removing `math shift' on input line 157.


Package hyperref Warning: Token not allowed in a PDF string (PDFDocEncoding):
(hyperref)                removing `superscript' on input line 157.


Package hyperref Warning: Token not allowed in a PDF string (PDFDocEncoding):
(hyperref)                removing `math shift' on input line 157.

[52] [53] <figures/5/Fig_ClockScheme3.pdf, id=1541, 397.96681pt x 506.37181pt>
File: figures/5/Fig_ClockScheme3.pdf Graphic file (type pdf)

<use figures/5/Fig_ClockScheme3.pdf>
Package pdftex.def Info: figures/5/Fig_ClockScheme3.pdf used on input line 178.

(pdftex.def)             Requested size: 397.96584pt x 506.37056pt.


LaTeX Warning: Float too large for page by 26.53845pt on input line 181.

[54] [55 <./figures/5/Fig_ClockScheme3.pdf>]
<figures/5/Fig_CoherenceTime2.pdf, id=1572, 429.13014pt x 264.35457pt>
File: figures/5/Fig_CoherenceTime2.pdf Graphic file (type pdf)

<use figures/5/Fig_CoherenceTime2.pdf>
Package pdftex.def Info: figures/5/Fig_CoherenceTime2.pdf used on input line 21
2.
(pdftex.def)             Requested size: 429.12909pt x 264.35391pt.
 [56] [57 <./figures/5/Fig_CoherenceTime2.pdf>] <figures/5/Fig_PopDecay.pdf, id
=1610, 419.73506pt x 174.01707pt>
File: figures/5/Fig_PopDecay.pdf Graphic file (type pdf)

<use figures/5/Fig_PopDecay.pdf>
Package pdftex.def Info: figures/5/Fig_PopDecay.pdf used on input line 225.
(pdftex.def)             Requested size: 419.73402pt x 174.01663pt.
 [58 <./figures/5/Fig_PopDecay.pdf>] [59]
<figures/5/Fig_sdpsims.pdf, id=1638, 429.13014pt x 282.42207pt>
File: figures/5/Fig_sdpsims.pdf Graphic file (type pdf)

<use figures/5/Fig_sdpsims.pdf>
Package pdftex.def Info: figures/5/Fig_sdpsims.pdf used on input line 251.
(pdftex.def)             Requested size: 429.12909pt x 282.42137pt.
 [60 <./figures/5/Fig_sdpsims.pdf>]
<figures/5/Fig_sdp.pdf, id=1672, 419.73506pt x 210.15207pt>
File: figures/5/Fig_sdp.pdf Graphic file (type pdf)

<use figures/5/Fig_sdp.pdf>
Package pdftex.def Info: figures/5/Fig_sdp.pdf used on input line 262.
(pdftex.def)             Requested size: 419.73402pt x 210.15154pt.
 [61] [62 <./figures/5/Fig_sdp.pdf>])
(./chapter6.tex [63]
Chapter 6.
[64

] [65] [66]) [67]
LaTeX Font Info:    Try loading font information for OT1+pcr on input line 241.


(/usr/local/texlive/2017/texmf-dist/tex/latex/psnfss/ot1pcr.fd
File: ot1pcr.fd 2001/06/04 font definitions for OT1/pcr.
) [68

]
./thesis.tex:241: Extra }, or forgotten $.
<recently read> }
                 
l.241 	\printbibliography[title={References}]
                                             
? 
./thesis.tex:241: Missing } inserted.
<inserted text> 
                }
l.241 	\printbibliography[title={References}]
                                             
? 
[69]
./thesis.tex:241: Illegal parameter number in definition of \abx@field@abstract
.
<to be read again> 
                   I
l.241 	\printbibliography[title={References}]
                                             
? 
./thesis.tex:241: Illegal parameter number in definition of \abx@field@abstract
.
<to be read again> 
                    
l.241 	\printbibliography[title={References}]
                                             
? 
Missing character: There is no  in font ptmr7t!
Missing character: There is no  in font ptmr7t!
[70]
Missing character: There is no  in font ptmr7t!
Missing character: There is no  in font ptmr7t!
Missing character: There is no  in font ptmr7t!
Missing character: There is no  in font ptmr7t!
 [71]
Missing character: There is no  in font ptmr7t!
Missing character: There is no  in font ptmr7t!
Missing character: There is no  in font ptmr7t!
Missing character: There is no  in font ptmr7t!
Missing character: There is no  in font ptmr7t!
Missing character: There is no  in font ptmr7t!
 [72]
Overfull \hbox (44.05573pt too wide) in paragraph at lines 241--241
[]\OT1/ptm/m/n/12 T. Rosen-band, ``Nu-mer-i-cal test of few-qubit clock pro-to-
cols,'' \OT1/ptm/m/it/12 arXiv preprint arXiv:1203.0288\OT1/ptm/m/n/12 ,
 []

[73]
./thesis.tex:241: Misplaced alignment tab character &.
<argument> Chaos, Solitons &
                             Fractals
l.241 	\printbibliography[title={References}]
                                             
? 
[74]
./thesis.tex:241: Extra }, or forgotten $.
\MakeLowercase  ... {\lowercase {#1}}\reserved@a }
                                                  
l.241 	\printbibliography[title={References}]
                                             
? 
./thesis.tex:241: Missing } inserted.
<inserted text> 
                }
l.241 	\printbibliography[title={References}]
                                             
? 
Package atveryend Info: Empty hook `BeforeClearDocument' on input line 254.
[75]
Package atveryend Info: Empty hook `AfterLastShipout' on input line 254.
 (./thesis.aux)
Package atveryend Info: Executing hook `AtVeryEndDocument' on input line 254.
Package atveryend Info: Executing hook `AtEndAfterFileList' on input line 254.
Package rerunfilecheck Info: File `thesis.out' has not changed.
(rerunfilecheck)             Checksum: 2527FF7DDFBF56C8DD1EEA1152329110;4022.
Package logreq Info: Writing requests to 'thesis.run.xml'.
\openout1 = `thesis.run.xml'.

 )
(\end occurred inside a group at level 1)

### semi simple group (level 1) entered at line 62 (\begingroup)
### bottom level
(\end occurred when \ifnum on line 241 was incomplete) 
Here is how much of TeX's memory you used:
 15176 strings out of 492995
 253279 string characters out of 6132704
 621340 words of memory out of 5000000
 18129 multiletter control sequences out of 15000+600000
 28233 words of font info for 79 fonts, out of 8000000 for 9000
 1141 hyphenation exceptions out of 8191
 44i,19n,45p,2761b,2099s stack positions out of 5000i,500n,10000p,200000b,80000s
pdfTeX warning (dest): na
me{cite.0@McFerran:12} has been referenced but does not exist, replaced by a fi
xed one

{/usr/local/texlive/2017/texmf-dist/fonts/enc/dvips/base/8r.enc}</usr/local/tex
live/2017/texmf-dist/fonts/type1/public/amsfonts/cm/cmbx12.pfb></usr/local/texl
ive/2017/texmf-dist/fonts/type1/public/amsfonts/cm/cmbx6.pfb></usr/local/texliv
e/2017/texmf-dist/fonts/type1/public/amsfonts/cm/cmbx8.pfb></usr/local/texlive/
2017/texmf-dist/fonts/type1/public/amsfonts/cm/cmex10.pfb></usr/local/texlive/2
017/texmf-dist/fonts/type1/public/amsfonts/cm/cmmi10.pfb></usr/local/texlive/20
17/texmf-dist/fonts/type1/public/amsfonts/cm/cmmi12.pfb></usr/local/texlive/201
7/texmf-dist/fonts/type1/public/amsfonts/cm/cmmi6.pfb></usr/local/texlive/2017/
texmf-dist/fonts/type1/public/amsfonts/cm/cmmi7.pfb></usr/local/texlive/2017/te
xmf-dist/fonts/type1/public/amsfonts/cm/cmmi8.pfb></usr/local/texlive/2017/texm
f-dist/fonts/type1/public/amsfonts/cm/cmr10.pfb></usr/local/texlive/2017/texmf-
dist/fonts/type1/public/amsfonts/cm/cmr12.pfb></usr/local/texlive/2017/texmf-di
st/fonts/type1/public/amsfonts/cm/cmr6.pfb></usr/local/texlive/2017/texmf-dist/
fonts/type1/public/amsfonts/cm/cmr8.pfb></usr/local/texlive/2017/texmf-dist/fon
ts/type1/public/amsfonts/cm/cmss12.pfb></usr/local/texlive/2017/texmf-dist/font
s/type1/public/amsfonts/cm/cmsy10.pfb></usr/local/texlive/2017/texmf-dist/fonts
/type1/public/amsfonts/cm/cmsy6.pfb></usr/local/texlive/2017/texmf-dist/fonts/t
ype1/public/amsfonts/cm/cmsy8.pfb></usr/local/texlive/2017/texmf-dist/fonts/typ
e1/public/amsfonts/symbols/msam10.pfb></usr/local/texlive/2017/texmf-dist/fonts
/type1/public/amsfonts/symbols/msbm10.pfb></usr/local/texlive/2017/texmf-dist/f
onts/type1/urw/courier/ucrr8a.pfb></usr/local/texlive/2017/texmf-dist/fonts/typ
e1/urw/times/utmb8a.pfb></usr/local/texlive/2017/texmf-dist/fonts/type1/urw/tim
es/utmr8a.pfb></usr/local/texlive/2017/texmf-dist/fonts/type1/urw/times/utmri8a
.pfb>
Output written on thesis.pdf (87 pages, 3884049 bytes).
PDF statistics:
 1929 PDF objects out of 2073 (max. 8388607)
 1611 compressed objects within 17 object streams
 315 named destinations out of 1000 (max. 500000)
 542 words of extra memory for PDF output out of 10000 (max. 10000000)

